<?xml version="1.0" encoding="UTF-8"?>
<!-- Generated by org.testng.reporters.JUnitXMLReporter -->
<testsuite ignored="0" hostname="Pankaj" failures="2" tests="3" name="Test" time="30.53" errors="0" timestamp="2023-02-17T17:02:12 IST">
  <testcase classname="TestCases.VerifySignUp" name="signup" time="14.373"/>
  <testcase classname="TestCases.VerifyLogin" name="login" time="0.501">
    <failure type="java.lang.AssertionError" message="The following asserts failed:
	Error messege is not matching expected [please check your password.If you still can&amp;apos;t log in,contact your salesforce administrator.] but found [Please check your username and password. If you still can&amp;apos;t log in, contact your Salesforce administrator.]">
      <![CDATA[java.lang.AssertionError: The following asserts failed:
Error messege is not matching expected [please check your password.If you still can't log in,contact your salesforce administrator.] but found [Please check your username and password. If you still can't log in, contact your Salesforce administrator.]
at Resources.CommonMethod.handlAssertions(CommonMethod.java:22)
at TestCases.VerifyLogin.login(VerifyLogin.java:26)
at java.base/java.util.ArrayList.forEach(ArrayList.java:1511)
... Removed 29 stack frames]]>
    </failure>
  </testcase> <!-- login -->
  <testcase classname="TestCases.VerifyLogin" name="login" time="0.49">
    <failure type="java.lang.AssertionError" message="The following asserts failed:
	Error messege is not matching expected [please check your password.If you still can&amp;apos;t log in,contact your salesforce administrator.] but found [Please check your username and password. If you still can&amp;apos;t log in, contact your Salesforce administrator.]">
      <![CDATA[java.lang.AssertionError: The following asserts failed:
Error messege is not matching expected [please check your password.If you still can't log in,contact your salesforce administrator.] but found [Please check your username and password. If you still can't log in, contact your Salesforce administrator.]
at Resources.CommonMethod.handlAssertions(CommonMethod.java:22)
at TestCases.VerifyLogin.login(VerifyLogin.java:26)
at java.base/java.util.ArrayList.forEach(ArrayList.java:1511)
... Removed 29 stack frames]]>
    </failure>
  </testcase> <!-- login -->
</testsuite> <!-- Test -->
