<?xml version="1.0" encoding="UTF-8"?>
<testng-results ignored="0" total="2" passed="2" failed="0" skipped="0">
  <reporter-output>
  </reporter-output>
  <suite started-at="2023-02-13T21:40:51 IST" name="Default suite" finished-at="2023-02-13T21:41:00 IST" duration-ms="8969">
    <groups>
    </groups>
    <test started-at="2023-02-13T21:40:51 IST" name="Default test" finished-at="2023-02-13T21:41:00 IST" duration-ms="8969">
      <class name="TestCases.VerifyLogin">
        <test-method is-config="true" signature="openurl()[pri:0, instance:TestCases.VerifyLogin@20deea7f]" started-at="2023-02-13T21:40:51 IST" name="openurl" finished-at="2023-02-13T21:40:55 IST" duration-ms="4374" status="PASS">
          <reporter-output>
          </reporter-output>
        </test-method> <!-- openurl -->
        <test-method signature="login(java.lang.String,java.lang.String)[pri:0, instance:TestCases.VerifyLogin@20deea7f]" started-at="2023-02-13T21:40:55 IST" name="login" data-provider="testData" finished-at="2023-02-13T21:40:56 IST" duration-ms="504" status="PASS">
          <params>
            <param index="0">
              <value>
                <![CDATA[username1]]>
              </value>
            </param>
            <param index="1">
              <value>
                <![CDATA[username2]]>
              </value>
            </param>
          </params>
          <reporter-output>
          </reporter-output>
        </test-method> <!-- login -->
        <test-method is-config="true" signature="quitbrowser()[pri:0, instance:TestCases.VerifyLogin@20deea7f]" started-at="2023-02-13T21:40:56 IST" name="quitbrowser" finished-at="2023-02-13T21:40:56 IST" duration-ms="234" status="PASS">
          <reporter-output>
          </reporter-output>
        </test-method> <!-- quitbrowser -->
        <test-method is-config="true" signature="openurl()[pri:0, instance:TestCases.VerifyLogin@20deea7f]" started-at="2023-02-13T21:40:56 IST" name="openurl" finished-at="2023-02-13T21:40:59 IST" duration-ms="3064" status="PASS">
          <reporter-output>
          </reporter-output>
        </test-method> <!-- openurl -->
        <test-method signature="login(java.lang.String,java.lang.String)[pri:0, instance:TestCases.VerifyLogin@20deea7f]" started-at="2023-02-13T21:40:59 IST" name="login" data-provider="testData" finished-at="2023-02-13T21:41:00 IST" duration-ms="529" status="PASS">
          <params>
            <param index="0">
              <value>
                <![CDATA[username3]]>
              </value>
            </param>
            <param index="1">
              <value>
                <![CDATA[username4]]>
              </value>
            </param>
          </params>
          <reporter-output>
          </reporter-output>
        </test-method> <!-- login -->
        <test-method is-config="true" signature="quitbrowser()[pri:0, instance:TestCases.VerifyLogin@20deea7f]" started-at="2023-02-13T21:41:00 IST" name="quitbrowser" finished-at="2023-02-13T21:41:00 IST" duration-ms="224" status="PASS">
          <reporter-output>
          </reporter-output>
        </test-method> <!-- quitbrowser -->
      </class> <!-- TestCases.VerifyLogin -->
    </test> <!-- Default test -->
  </suite> <!-- Default suite -->
</testng-results>
